This is XeTeX, Version 3.14159265-2.6-0.99999 (MiKTeX 2.9.6630 64-bit) (preloaded format=xelatex 2018.5.24)  25 MAY 2018 09:29
entering extended mode
**./pysics.tex
(pysics.tex
LaTeX2e <2017-04-15>
Babel <3.18> and hyphenation patterns for 75 language(s) loaded.
(C:\Users\tsgot\AppData\Roaming\MiKTeX\2.9\tex\latex\examdesign\examdesign.cls
File: examdesign.dtx 

Document Class: examdesign 
\c@passes=\count79
("C:\Program Files\MiKTeX 2.9\tex\latex\base\article.cls"
Document Class: article 2014/09/29 v1.4h Standard LaTeX document class
("C:\Program Files\MiKTeX 2.9\tex\latex\base\size10.clo"
File: size10.clo 2014/09/29 v1.4h Standard LaTeX file (size option)
)
\c@part=\count80
\c@section=\count81
\c@subsection=\count82
\c@subsubsection=\count83
\c@paragraph=\count84
\c@subparagraph=\count85
\c@figure=\count86
\c@table=\count87
\abovecaptionskip=\skip41
\belowcaptionskip=\skip42
\bibindent=\dimen102
)
("C:\Program Files\MiKTeX 2.9\tex\latex\tools\enumerate.sty"
Package: enumerate 2015/07/23 v3.00 enumerate extensions (DPC)
\@enLab=\toks14
)
("C:\Program Files\MiKTeX 2.9\tex\latex\tools\multicol.sty"
Package: multicol 2017/04/11 v1.8q multicolumn formatting (FMi)
\c@tracingmulticols=\count88
\mult@box=\box26
\multicol@leftmargin=\dimen103
\c@unbalance=\count89
\c@collectmore=\count90
\doublecol@number=\count91
\multicoltolerance=\count92
\multicolpretolerance=\count93
\full@width=\dimen104
\page@free=\dimen105
\premulticols=\dimen106
\postmulticols=\dimen107
\multicolsep=\skip43
\multicolbaselineskip=\skip44
\partial@page=\box27
\last@line=\box28
\maxbalancingoverflow=\dimen108
\mult@rightbox=\box29
\mult@grightbox=\box30
\mult@gfirstbox=\box31
\mult@firstbox=\box32
\@tempa=\box33
\@tempa=\box34
\@tempa=\box35
\@tempa=\box36
\@tempa=\box37
\@tempa=\box38
\@tempa=\box39
\@tempa=\box40
\@tempa=\box41
\@tempa=\box42
\@tempa=\box43
\@tempa=\box44
\@tempa=\box45
\@tempa=\box46
\@tempa=\box47
\@tempa=\box48
\@tempa=\box49
\c@columnbadness=\count94
\c@finalcolumnbadness=\count95
\last@try=\dimen109
\multicolovershoot=\dimen110
\multicolundershoot=\dimen111
\mult@nat@firstbox=\box50
\colbreak@box=\box51
\mc@col@check@num=\count96
)
("C:\Program Files\MiKTeX 2.9\tex\latex\graphics\keyval.sty"
Package: keyval 2014/10/28 v1.15 key=value parser (DPC)
\KV@toks@=\toks15
)
\randomi=\count97
\ranval=\count98
\UL@box=\box52
\UL@hyphenbox=\box53
\UL@skip=\skip45
\UL@pe=\count99
\UL@pixel=\dimen112
\ULC@box=\box54
\ULdepth=\dimen113
\c@questionnumber=\count100
\c@extract=\count101
\c@question=\count102
\c@length=\count103
\c@temp=\count104
\c@wordtemp=\count105
\c@form=\count106
\c@version=\count107
\c@current@section=\count108
\c@current@question=\count109
\c@innerloop=\count110
\c@sect=\count111
\c@sectionindex=\count112
\c@answer=\count113
\c@choice=\count114
\c@mcquestion=\count115
\c@mcchoice=\count116
\c@savelistcnt=\count117
\blank@length=\skip46
\temp@length=\skip47
\temp@@length=\skip48
\namedata@vspace=\skip49
\beforesectsep=\skip50
\aftersectsep=\skip51
\beforeinstsep=\skip52
\afterinstsep=\skip53
\temptoks=\toks16
\temp@toks=\toks17
\exam@c=\count118
\exam@n=\count119
\exam@m=\count120

Randomizer initialized to 669931960.
\@toklist=\toks18
\c@first=\count121
\c@last=\count122
\c@exam@tf=\count123
)
("C:\Program Files\MiKTeX 2.9\tex\latex\amsmath\amsmath.sty"
Package: amsmath 2017/09/02 v2.17a AMS math features
\@mathmargin=\skip54

For additional information on amsmath, use the `?' option.
("C:\Program Files\MiKTeX 2.9\tex\latex\amsmath\amstext.sty"
Package: amstext 2000/06/29 v2.01 AMS text

("C:\Program Files\MiKTeX 2.9\tex\latex\amsmath\amsgen.sty"
File: amsgen.sty 1999/11/30 v2.0 generic functions
\@emptytoks=\toks19
\ex@=\dimen114
))
("C:\Program Files\MiKTeX 2.9\tex\latex\amsmath\amsbsy.sty"
Package: amsbsy 1999/11/29 v1.2d Bold Symbols
\pmbraise@=\dimen115
)
("C:\Program Files\MiKTeX 2.9\tex\latex\amsmath\amsopn.sty"
Package: amsopn 2016/03/08 v2.02 operator names
)
\inf@bad=\count124
LaTeX Info: Redefining \frac on input line 213.
\uproot@=\count125
\leftroot@=\count126
LaTeX Info: Redefining \overline on input line 375.
\classnum@=\count127
\DOTSCASE@=\count128
LaTeX Info: Redefining \ldots on input line 472.
LaTeX Info: Redefining \dots on input line 475.
LaTeX Info: Redefining \cdots on input line 596.
\Mathstrutbox@=\box55
\strutbox@=\box56
\big@size=\dimen116
LaTeX Font Info:    Redeclaring font encoding OML on input line 712.
LaTeX Font Info:    Redeclaring font encoding OMS on input line 713.
\macc@depth=\count129
\c@MaxMatrixCols=\count130
\dotsspace@=\muskip10
\c@parentequation=\count131
\dspbrk@lvl=\count132
\tag@help=\toks20
\row@=\count133
\column@=\count134
\maxfields@=\count135
\andhelp@=\toks21
\eqnshift@=\dimen117
\alignsep@=\dimen118
\tagshift@=\dimen119
\tagwidth@=\dimen120
\totwidth@=\dimen121
\lineht@=\dimen122
\@envbody=\toks22
\multlinegap=\skip55
\multlinetaggap=\skip56
\mathdisplay@stack=\toks23
LaTeX Info: Redefining \[ on input line 2817.
LaTeX Info: Redefining \] on input line 2818.
)
("C:\Program Files\MiKTeX 2.9\tex\latex\graphics\graphicx.sty"
Package: graphicx 2017/06/01 v1.1a Enhanced LaTeX Graphics (DPC,SPQR)

("C:\Program Files\MiKTeX 2.9\tex\latex\graphics\graphics.sty"
Package: graphics 2017/06/25 v1.2c Standard LaTeX Graphics (DPC,SPQR)

("C:\Program Files\MiKTeX 2.9\tex\latex\graphics\trig.sty"
Package: trig 2016/01/03 v1.10 sin cos tan (DPC)
)
("C:\Program Files\MiKTeX 2.9\tex\latex\graphics-cfg\graphics.cfg"
File: graphics.cfg 2016/06/04 v1.11 sample graphics configuration
)
Package graphics Info: Driver file: xetex.def on input line 99.

("C:\Program Files\MiKTeX 2.9\tex\latex\graphics-def\xetex.def"
File: xetex.def 2017/06/24 v5.0h Graphics/color driver for xetex
))
\Gin@req@height=\dimen123
\Gin@req@width=\dimen124
) (pysics.aux)
\openout1 = `pysics.aux'.

LaTeX Font Info:    Checking defaults for OML/cmm/m/it on input line 11.
LaTeX Font Info:    ... okay on input line 11.
LaTeX Font Info:    Checking defaults for T1/cmr/m/n on input line 11.
LaTeX Font Info:    ... okay on input line 11.
LaTeX Font Info:    Checking defaults for OT1/cmr/m/n on input line 11.
LaTeX Font Info:    ... okay on input line 11.
LaTeX Font Info:    Checking defaults for OMS/cmsy/m/n on input line 11.
LaTeX Font Info:    ... okay on input line 11.
LaTeX Font Info:    Checking defaults for TU/lmr/m/n on input line 11.
LaTeX Font Info:    ... okay on input line 11.
LaTeX Font Info:    Checking defaults for OMX/cmex/m/n on input line 11.
LaTeX Font Info:    ... okay on input line 11.
LaTeX Font Info:    Checking defaults for U/cmr/m/n on input line 11.
LaTeX Font Info:    ... okay on input line 11.
\qlist@sec1=\toks24
\qlist@scr@sec1=\toks25
Scrambling section 1, question: 
1.
! Missing \endcsname inserted.
<to be read again> 
                   \global 
l.22 \end{document}
                   
The control sequence marked <to be read again> should
not appear between \csname and \endcsname.

! Missing \endcsname inserted.
<to be read again> 
                   \global 
l.22 \end{document}
                   
The control sequence marked <to be read again> should
not appear between \csname and \endcsname.

! Missing \endcsname inserted.
<to be read again> 
                   \global 
l.22 \end{document}
                   
The control sequence marked <to be read again> should
not appear between \csname and \endcsname.

! Missing \endcsname inserted.
<to be read again> 
                   \global 
l.22 \end{document}
                   
The control sequence marked <to be read again> should
not appear between \csname and \endcsname.

! Missing \endcsname inserted.
<to be read again> 
                   \global 
l.22 \end{document}
                   
The control sequence marked <to be read again> should
not appear between \csname and \endcsname.

! Missing \endcsname inserted.
<to be read again> 
                   \global 
l.22 \end{document}
                   
The control sequence marked <to be read again> should
not appear between \csname and \endcsname.

! Missing \endcsname inserted.
<to be read again> 
                   \global 
l.22 \end{document}
                   
The control sequence marked <to be read again> should
not appear between \csname and \endcsname.

! Missing \endcsname inserted.
<to be read again> 
                   \global 
l.22 \end{document}
                   
The control sequence marked <to be read again> should
not appear between \csname and \endcsname.

! Missing \endcsname inserted.
<to be read again> 
                   \global 
l.22 \end{document}
                   
The control sequence marked <to be read again> should
not appear between \csname and \endcsname.

! Missing \endcsname inserted.
<to be read again> 
                   \global 
l.22 \end{document}
                   
The control sequence marked <to be read again> should
not appear between \csname and \endcsname.

! Missing \endcsname inserted.
<to be read again> 
                   \global 
l.22 \end{document}
                   
The control sequence marked <to be read again> should
not appear between \csname and \endcsname.

! Missing \endcsname inserted.
<to be read again> 
                   \global 
l.22 \end{document}
                   
The control sequence marked <to be read again> should
not appear between \csname and \endcsname.

! Missing \endcsname inserted.
<to be read again> 
                   \global 
l.22 \end{document}
                   
The control sequence marked <to be read again> should
not appear between \csname and \endcsname.

! Missing \endcsname inserted.
<to be read again> 
                   \global 
l.22 \end{document}
                   
The control sequence marked <to be read again> should
not appear between \csname and \endcsname.

! Missing \endcsname inserted.
<to be read again> 
                   \global 
l.22 \end{document}
                   
The control sequence marked <to be read again> should
not appear between \csname and \endcsname.

! Missing \endcsname inserted.
<to be read again> 
                   \global 
l.22 \end{document}
                   
The control sequence marked <to be read again> should
not appear between \csname and \endcsname.

! Missing \endcsname inserted.
<to be read again> 
                   \global 
l.22 \end{document}
                   
The control sequence marked <to be read again> should
not appear between \csname and \endcsname.

! Missing \endcsname inserted.
<to be read again> 
                   \global 
l.22 \end{document}
                   
The control sequence marked <to be read again> should
not appear between \csname and \endcsname.

! Missing \endcsname inserted.
<to be read again> 
                   \global 
l.22 \end{document}
                   
The control sequence marked <to be read again> should
not appear between \csname and \endcsname.

! Missing \endcsname inserted.
<to be read again> 
                   \global 
l.22 \end{document}
                   
The control sequence marked <to be read again> should
not appear between \csname and \endcsname.

! Missing \endcsname inserted.
<to be read again> 
                   \global 
l.22 \end{document}
                   
The control sequence marked <to be read again> should
not appear between \csname and \endcsname.

! Missing \endcsname inserted.
<to be read again> 
                   \global 
l.22 \end{document}
                   
The control sequence marked <to be read again> should
not appear between \csname and \endcsname.

! Missing \endcsname inserted.
<to be read again> 
                   \global 
l.22 \end{document}
                   
The control sequence marked <to be read again> should
not appear between \csname and \endcsname.

! Missing \endcsname inserted.
<to be read again> 
                   \global 
l.22 \end{document}
                   
The control sequence marked <to be read again> should
not appear between \csname and \endcsname.

! Missing \endcsname inserted.
<to be read again> 
                   \global 
l.22 \end{document}
                   
The control sequence marked <to be read again> should
not appear between \csname and \endcsname.

! Missing \endcsname inserted.
<to be read again> 
                   \global 
l.22 \end{document}
                   
The control sequence marked <to be read again> should
not appear between \csname and \endcsname.

! Missing \endcsname inserted.
<to be read again> 
                   \global 
l.22 \end{document}
                   
The control sequence marked <to be read again> should
not appear between \csname and \endcsname.

! Missing \endcsname inserted.
<to be read again> 
                   \global 
l.22 \end{document}
                   
The control sequence marked <to be read again> should
not appear between \csname and \endcsname.

! Missing \endcsname inserted.
<to be read again> 
                   \global 
l.22 \end{document}
                   
The control sequence marked <to be read again> should
not appear between \csname and \endcsname.

! Missing \endcsname inserted.
<to be read again> 
                   \global 
l.22 \end{document}
                   
The control sequence marked <to be read again> should
not appear between \csname and \endcsname.

! Missing \endcsname inserted.
<to be read again> 
                   \global 
l.22 \end{document}
                   
The control sequence marked <to be read again> should
not appear between \csname and \endcsname.

! Missing \endcsname inserted.
<to be read again> 
                   \global 
l.22 \end{document}
                   
The control sequence marked <to be read again> should
not appear between \csname and \endcsname.

! Missing \endcsname inserted.
<to be read again> 
                   \global 
l.22 \end{document}
                   
The control sequence marked <to be read again> should
not appear between \csname and \endcsname.

! Missing \endcsname inserted.
<to be read again> 
                   \global 
l.22 \end{document}
                   
The control sequence marked <to be read again> should
not appear between \csname and \endcsname.

! Missing \endcsname inserted.
<to be read again> 
                   \global 
l.22 \end{document}
                   
The control sequence marked <to be read again> should
not appear between \csname and \endcsname.

! Missing \endcsname inserted.
<to be read again> 
                   \global 
l.22 \end{document}
                   
The control sequence marked <to be read again> should
not appear between \csname and \endcsname.

! Missing \endcsname inserted.
<to be read again> 
                   \global 
l.22 \end{document}
                   
The control sequence marked <to be read again> should
not appear between \csname and \endcsname.

! Missing \endcsname inserted.
<to be read again> 
                   \global 
l.22 \end{document}
                   
The control sequence marked <to be read again> should
not appear between \csname and \endcsname.

! Missing \endcsname inserted.
<to be read again> 
                   \global 
l.22 \end{document}
                   
The control sequence marked <to be read again> should
not appear between \csname and \endcsname.

! Missing \endcsname inserted.
<to be read again> 
                   \global 
l.22 \end{document}
                   
The control sequence marked <to be read again> should
not appear between \csname and \endcsname.

! Missing \endcsname inserted.
<to be read again> 
                   \global 
l.22 \end{document}
                   
The control sequence marked <to be read again> should
not appear between \csname and \endcsname.

! Missing \endcsname inserted.
<to be read again> 
                   \global 
l.22 \end{document}
                   
The control sequence marked <to be read again> should
not appear between \csname and \endcsname.

! Missing \endcsname inserted.
<to be read again> 
                   \global 
l.22 \end{document}
                   
The control sequence marked <to be read again> should
not appear between \csname and \endcsname.

! Missing \endcsname inserted.
<to be read again> 
                   \global 
l.22 \end{document}
                   
The control sequence marked <to be read again> should
not appear between \csname and \endcsname.

! Missing \endcsname inserted.
<to be read again> 
                   \global 
l.22 \end{document}
                   
The control sequence marked <to be read again> should
not appear between \csname and \endcsname.

! Missing \endcsname inserted.
<to be read again> 
                   \global 
l.22 \end{document}
                   
The control sequence marked <to be read again> should
not appear between \csname and \endcsname.

! Missing \endcsname inserted.
<to be read again> 
                   \global 
l.22 \end{document}
                   
The control sequence marked <to be read again> should
not appear between \csname and \endcsname.

! Missing \endcsname inserted.
<to be read again> 
                   \global 
l.22 \end{document}
                   
The control sequence marked <to be read again> should
not appear between \csname and \endcsname.

! Missing \endcsname inserted.
<to be read again> 
                   \global 
l.22 \end{document}
                   
The control sequence marked <to be read again> should
not appear between \csname and \endcsname.

! Missing \endcsname inserted.
<to be read again> 
                   \global 
l.22 \end{document}
                   
The control sequence marked <to be read again> should
not appear between \csname and \endcsname.

! Missing \endcsname inserted.
<to be read again> 
                   \global 
l.22 \end{document}
                   
The control sequence marked <to be read again> should
not appear between \csname and \endcsname.

! Missing \endcsname inserted.
<to be read again> 
                   \global 
l.22 \end{document}
                   
The control sequence marked <to be read again> should
not appear between \csname and \endcsname.

! Missing \endcsname inserted.
<to be read again> 
                   \global 
l.22 \end{document}
                   
The control sequence marked <to be read again> should
not appear between \csname and \endcsname.

! Missing \endcsname inserted.
<to be read again> 
                   \global 
l.22 \end{document}
                   
The control sequence marked <to be read again> should
not appear between \csname and \endcsname.

! Missing \endcsname inserted.
<to be read again> 
                   \global 
l.22 \end{document}
                   
The control sequence marked <to be read again> should
not appear between \csname and \endcsname.

! Missing \endcsname inserted.
<to be read again> 
                   \global 
l.22 \end{document}
                   
The control sequence marked <to be read again> should
not appear between \csname and \endcsname.

! Missing \endcsname inserted.
<to be read again> 
                   \global 
l.22 \end{document}
                   
The control sequence marked <to be read again> should
not appear between \csname and \endcsname.

! Missing \endcsname inserted.
<to be read again> 
                   \global 
l.22 \end{document}
                   
The control sequence marked <to be read again> should
not appear between \csname and \endcsname.

! Missing \endcsname inserted.
<to be read again> 
                   \global 
l.22 \end{document}
                   
The control sequence marked <to be read again> should
not appear between \csname and \endcsname.

! Missing \endcsname inserted.
<to be read again> 
                   \global 
l.22 \end{document}
                   
The control sequence marked <to be read again> should
not appear between \csname and \endcsname.

! Missing \endcsname inserted.
<to be read again> 
                   \global 
l.22 \end{document}
                   
The control sequence marked <to be read again> should
not appear between \csname and \endcsname.

! Missing \endcsname inserted.
<to be read again> 
                   \global 
l.22 \end{document}
                   
The control sequence marked <to be read again> should
not appear between \csname and \endcsname.

! Missing \endcsname inserted.
<to be read again> 
                   \global 
l.22 \end{document}
                   
The control sequence marked <to be read again> should
not appear between \csname and \endcsname.

! Missing \endcsname inserted.
<to be read again> 
                   \global 
l.22 \end{document}
                   
The control sequence marked <to be read again> should
not appear between \csname and \endcsname.

! Missing \endcsname inserted.
<to be read again> 
                   \global 
l.22 \end{document}
                   
The control sequence marked <to be read again> should
not appear between \csname and \endcsname.

! Missing \endcsname inserted.
<to be read again> 
                   \global 
l.22 \end{document}
                   
The control sequence marked <to be read again> should
not appear between \csname and \endcsname.

! Missing \endcsname inserted.
<to be read again> 
                   \global 
l.22 \end{document}
                   
The control sequence marked <to be read again> should
not appear between \csname and \endcsname.

! Missing \endcsname inserted.
<to be read again> 
                   \global 
l.22 \end{document}
                   
The control sequence marked <to be read again> should
not appear between \csname and \endcsname.

! Missing \endcsname inserted.
<to be read again> 
                   \global 
l.22 \end{document}
                   
The control sequence marked <to be read again> should
not appear between \csname and \endcsname.

! Missing \endcsname inserted.
<to be read again> 
                   \global 
l.22 \end{document}
                   
The control sequence marked <to be read again> should
not appear between \csname and \endcsname.

! Missing \endcsname inserted.
<to be read again> 
                   \global 
l.22 \end{document}
                   
The control sequence marked <to be read again> should
not appear between \csname and \endcsname.

! Missing \endcsname inserted.
<to be read again> 
                   \global 
l.22 \end{document}
                   
The control sequence marked <to be read again> should
not appear between \csname and \endcsname.

! Missing \endcsname inserted.
<to be read again> 
                   \global 
l.22 \end{document}
                   
The control sequence marked <to be read again> should
not appear between \csname and \endcsname.

! Missing \endcsname inserted.
<to be read again> 
                   \global 
l.22 \end{document}
                   
The control sequence marked <to be read again> should
not appear between \csname and \endcsname.

! Missing \endcsname inserted.
<to be read again> 
                   \global 
l.22 \end{document}
                   
The control sequence marked <to be read again> should
not appear between \csname and \endcsname.

! Missing \endcsname inserted.
<to be read again> 
                   \global 
l.22 \end{document}
                   
The control sequence marked <to be read again> should
not appear between \csname and \endcsname.

! Missing \endcsname inserted.
<to be read again> 
                   \global 
l.22 \end{document}
                   
The control sequence marked <to be read again> should
not appear between \csname and \endcsname.

! Missing \endcsname inserted.
<to be read again> 
                   \global 
l.22 \end{document}
                   
The control sequence marked <to be read again> should
not appear between \csname and \endcsname.

! Missing \endcsname inserted.
<to be read again> 
                   \global 
l.22 \end{document}
                   
The control sequence marked <to be read again> should
not appear between \csname and \endcsname.

! Missing \endcsname inserted.
<to be read again> 
                   \global 
l.22 \end{document}
                   
The control sequence marked <to be read again> should
not appear between \csname and \endcsname.

! Missing \endcsname inserted.
<to be read again> 
                   \global 
l.22 \end{document}
                   
The control sequence marked <to be read again> should
not appear between \csname and \endcsname.

! Missing \endcsname inserted.
<to be read again> 
                   \global 
l.22 \end{document}
                   
The control sequence marked <to be read again> should
not appear between \csname and \endcsname.

! Missing \endcsname inserted.
<to be read again> 
                   \global 
l.22 \end{document}
                   
The control sequence marked <to be read again> should
not appear between \csname and \endcsname.

! Missing \endcsname inserted.
<to be read again> 
                   \global 
l.22 \end{document}
                   
The control sequence marked <to be read again> should
not appear between \csname and \endcsname.

! Missing \endcsname inserted.
<to be read again> 
                   \global 
l.22 \end{document}
                   
The control sequence marked <to be read again> should
not appear between \csname and \endcsname.

! Missing \endcsname inserted.
<to be read again> 
                   \global 
l.22 \end{document}
                   
The control sequence marked <to be read again> should
not appear between \csname and \endcsname.

! Missing \endcsname inserted.
<to be read again> 
                   \global 
l.22 \end{document}
                   
The control sequence marked <to be read again> should
not appear between \csname and \endcsname.

! Missing \endcsname inserted.
<to be read again> 
                   \global 
l.22 \end{document}
                   
The control sequence marked <to be read again> should
not appear between \csname and \endcsname.

! Missing \endcsname inserted.
<to be read again> 
                   \global 
l.22 \end{document}
                   
The control sequence marked <to be read again> should
not appear between \csname and \endcsname.

! Missing \endcsname inserted.
<to be read again> 
                   \global 
l.22 \end{document}
                   
The control sequence marked <to be read again> should
not appear between \csname and \endcsname.

! Missing \endcsname inserted.
<to be read again> 
                   \global 
l.22 \end{document}
                   
The control sequence marked <to be read again> should
not appear between \csname and \endcsname.

! Missing \endcsname inserted.
<to be read again> 
                   \global 
l.22 \end{document}
                   
The control sequence marked <to be read again> should
not appear between \csname and \endcsname.

! Missing \endcsname inserted.
<to be read again> 
                   \global 
l.22 \end{document}
                   
The control sequence marked <to be read again> should
not appear between \csname and \endcsname.

! Missing \endcsname inserted.
<to be read again> 
                   \global 
l.22 \end{document}
                   
The control sequence marked <to be read again> should
not appear between \csname and \endcsname.

! Missing \endcsname inserted.
<to be read again> 
                   \global 
l.22 \end{document}
                   
The control sequence marked <to be read again> should
not appear between \csname and \endcsname.

! Missing \endcsname inserted.
<to be read again> 
                   \global 
l.22 \end{document}
                   
The control sequence marked <to be read again> should
not appear between \csname and \endcsname.

! Missing \endcsname inserted.
<to be read again> 
                   \global 
l.22 \end{document}
                   
The control sequence marked <to be read again> should
not appear between \csname and \endcsname.

! Missing \endcsname inserted.
<to be read again> 
                   \global 
l.22 \end{document}
                   
The control sequence marked <to be read again> should
not appear between \csname and \endcsname.

! Missing \endcsname inserted.
<to be read again> 
                   \global 
l.22 \end{document}
                   
The control sequence marked <to be read again> should
not appear between \csname and \endcsname.

! Missing \endcsname inserted.
<to be read again> 
                   \global 
l.22 \end{document}
                   
(That makes 100 errors; please try again.) 
Here is how much of TeX's memory you used:
 1862 strings out of 427836
 22631 string characters out of 3152479
 91671 words of memory out of 3000000
 5859 multiletter control sequences out of 15000+200000
 4232 words of font info for 21 fonts, out of 3000000 for 9000
 1328 hyphenation exceptions out of 8191
 117i,7n,116p,225b,300s stack positions out of 5000i,500n,10000p,200000b,50000s

No pages of output.
